[2020-11-11 16:15:54,159] {taskinstance.py:670} INFO - Dependencies all met for <TaskInstance: sleep_task.run_this_bash_first 2020-11-01T00:05:00+00:00 [queued]>
[2020-11-11 16:15:54,172] {taskinstance.py:670} INFO - Dependencies all met for <TaskInstance: sleep_task.run_this_bash_first 2020-11-01T00:05:00+00:00 [queued]>
[2020-11-11 16:15:54,172] {taskinstance.py:880} INFO - 
--------------------------------------------------------------------------------
[2020-11-11 16:15:54,172] {taskinstance.py:881} INFO - Starting attempt 1 of 2
[2020-11-11 16:15:54,172] {taskinstance.py:882} INFO - 
--------------------------------------------------------------------------------
[2020-11-11 16:15:54,185] {taskinstance.py:901} INFO - Executing <Task(BashOperator): run_this_bash_first> on 2020-11-01T00:05:00+00:00
[2020-11-11 16:15:54,187] {standard_task_runner.py:54} INFO - Started process 18173 to run task
[2020-11-11 16:15:54,216] {standard_task_runner.py:77} INFO - Running: ['airflow', 'run', 'sleep_task', 'run_this_bash_first', '2020-11-01T00:05:00+00:00', '--job_id', '12', '--pool', 'default_pool', '--raw', '-sd', 'DAGS_FOLDER/sleep_task.py', '--cfg_path', '/tmp/tmp0ima4e84']
[2020-11-11 16:15:54,217] {standard_task_runner.py:78} INFO - Job 12: Subtask run_this_bash_first
[2020-11-11 16:15:54,251] {logging_mixin.py:112} INFO - Running %s on host %s <TaskInstance: sleep_task.run_this_bash_first 2020-11-01T00:05:00+00:00 [running]> nvt-B365M-DS3H
[2020-11-11 16:15:54,262] {bash_operator.py:113} INFO - Tmp dir root location: 
 /tmp
[2020-11-11 16:15:54,263] {bash_operator.py:134} INFO - Temporary script location: /tmp/airflowtmpjqret0gd/run_this_bash_firstbp8zu5kc
[2020-11-11 16:15:54,263] {bash_operator.py:146} INFO - Running command: echo start
[2020-11-11 16:15:54,270] {bash_operator.py:153} INFO - Output:
[2020-11-11 16:15:54,270] {bash_operator.py:157} INFO - start
[2020-11-11 16:15:54,271] {bash_operator.py:159} INFO - Command exited with return code 0
[2020-11-11 16:15:54,275] {taskinstance.py:1057} INFO - Marking task as SUCCESS.dag_id=sleep_task, task_id=run_this_bash_first, execution_date=20201101T000500, start_date=20201111T091554, end_date=20201111T091554
[2020-11-11 16:15:59,136] {local_task_job.py:102} INFO - Task exited with return code 0
