[2020-11-11 16:25:24,807] {taskinstance.py:670} INFO - Dependencies all met for <TaskInstance: sleep_task.run_this_bash_first 2020-11-01T03:05:00+00:00 [queued]>
[2020-11-11 16:25:24,819] {taskinstance.py:670} INFO - Dependencies all met for <TaskInstance: sleep_task.run_this_bash_first 2020-11-01T03:05:00+00:00 [queued]>
[2020-11-11 16:25:24,819] {taskinstance.py:880} INFO - 
--------------------------------------------------------------------------------
[2020-11-11 16:25:24,819] {taskinstance.py:881} INFO - Starting attempt 1 of 2
[2020-11-11 16:25:24,820] {taskinstance.py:882} INFO - 
--------------------------------------------------------------------------------
[2020-11-11 16:25:24,830] {taskinstance.py:901} INFO - Executing <Task(BashOperator): run_this_bash_first> on 2020-11-01T03:05:00+00:00
[2020-11-11 16:25:24,832] {standard_task_runner.py:54} INFO - Started process 26808 to run task
[2020-11-11 16:25:24,911] {standard_task_runner.py:77} INFO - Running: ['airflow', 'run', 'sleep_task', 'run_this_bash_first', '2020-11-01T03:05:00+00:00', '--job_id', '436', '--pool', 'default_pool', '--raw', '-sd', 'DAGS_FOLDER/sleep_task.py', '--cfg_path', '/tmp/tmpyyps87ba']
[2020-11-11 16:25:24,912] {standard_task_runner.py:78} INFO - Job 436: Subtask run_this_bash_first
[2020-11-11 16:25:24,940] {logging_mixin.py:112} INFO - Running %s on host %s <TaskInstance: sleep_task.run_this_bash_first 2020-11-01T03:05:00+00:00 [running]> nvt-B365M-DS3H
[2020-11-11 16:25:24,975] {bash_operator.py:113} INFO - Tmp dir root location: 
 /tmp
[2020-11-11 16:25:24,979] {bash_operator.py:134} INFO - Temporary script location: /tmp/airflowtmp7w8yd5c_/run_this_bash_firstlawpttjs
[2020-11-11 16:25:24,979] {bash_operator.py:146} INFO - Running command: echo start
[2020-11-11 16:25:24,992] {bash_operator.py:153} INFO - Output:
[2020-11-11 16:25:24,994] {bash_operator.py:157} INFO - start
[2020-11-11 16:25:24,994] {bash_operator.py:159} INFO - Command exited with return code 0
[2020-11-11 16:25:25,007] {taskinstance.py:1057} INFO - Marking task as SUCCESS.dag_id=sleep_task, task_id=run_this_bash_first, execution_date=20201101T030500, start_date=20201111T092524, end_date=20201111T092525
[2020-11-11 16:25:29,797] {local_task_job.py:102} INFO - Task exited with return code 0
