[2020-11-11 16:27:13,666] {taskinstance.py:670} INFO - Dependencies all met for <TaskInstance: sleep_task.run_this_bash_first 2020-11-01T03:50:00+00:00 [queued]>
[2020-11-11 16:27:13,675] {taskinstance.py:670} INFO - Dependencies all met for <TaskInstance: sleep_task.run_this_bash_first 2020-11-01T03:50:00+00:00 [queued]>
[2020-11-11 16:27:13,675] {taskinstance.py:880} INFO - 
--------------------------------------------------------------------------------
[2020-11-11 16:27:13,675] {taskinstance.py:881} INFO - Starting attempt 1 of 2
[2020-11-11 16:27:13,675] {taskinstance.py:882} INFO - 
--------------------------------------------------------------------------------
[2020-11-11 16:27:13,683] {taskinstance.py:901} INFO - Executing <Task(BashOperator): run_this_bash_first> on 2020-11-01T03:50:00+00:00
[2020-11-11 16:27:13,685] {standard_task_runner.py:54} INFO - Started process 28374 to run task
[2020-11-11 16:27:13,699] {standard_task_runner.py:77} INFO - Running: ['airflow', 'run', 'sleep_task', 'run_this_bash_first', '2020-11-01T03:50:00+00:00', '--job_id', '521', '--pool', 'default_pool', '--raw', '-sd', 'DAGS_FOLDER/sleep_task.py', '--cfg_path', '/tmp/tmpmezmqrjg']
[2020-11-11 16:27:13,700] {standard_task_runner.py:78} INFO - Job 521: Subtask run_this_bash_first
[2020-11-11 16:27:13,720] {logging_mixin.py:112} INFO - Running %s on host %s <TaskInstance: sleep_task.run_this_bash_first 2020-11-01T03:50:00+00:00 [running]> nvt-B365M-DS3H
[2020-11-11 16:27:13,731] {bash_operator.py:113} INFO - Tmp dir root location: 
 /tmp
[2020-11-11 16:27:13,731] {bash_operator.py:134} INFO - Temporary script location: /tmp/airflowtmpv_mkonxf/run_this_bash_firstu8d9c4kk
[2020-11-11 16:27:13,731] {bash_operator.py:146} INFO - Running command: echo start
[2020-11-11 16:27:13,735] {bash_operator.py:153} INFO - Output:
[2020-11-11 16:27:13,736] {bash_operator.py:157} INFO - start
[2020-11-11 16:27:13,736] {bash_operator.py:159} INFO - Command exited with return code 0
[2020-11-11 16:27:13,740] {taskinstance.py:1057} INFO - Marking task as SUCCESS.dag_id=sleep_task, task_id=run_this_bash_first, execution_date=20201101T035000, start_date=20201111T092713, end_date=20201111T092713
[2020-11-11 16:27:18,656] {local_task_job.py:102} INFO - Task exited with return code 0
