[2020-11-11 16:29:16,822] {taskinstance.py:670} INFO - Dependencies all met for <TaskInstance: sleep_task.run_this_bash_last 2020-11-01T04:05:00+00:00 [queued]>
[2020-11-11 16:29:16,835] {taskinstance.py:670} INFO - Dependencies all met for <TaskInstance: sleep_task.run_this_bash_last 2020-11-01T04:05:00+00:00 [queued]>
[2020-11-11 16:29:16,835] {taskinstance.py:880} INFO - 
--------------------------------------------------------------------------------
[2020-11-11 16:29:16,835] {taskinstance.py:881} INFO - Starting attempt 1 of 2
[2020-11-11 16:29:16,835] {taskinstance.py:882} INFO - 
--------------------------------------------------------------------------------
[2020-11-11 16:29:16,843] {taskinstance.py:901} INFO - Executing <Task(BashOperator): run_this_bash_last> on 2020-11-01T04:05:00+00:00
[2020-11-11 16:29:16,845] {standard_task_runner.py:54} INFO - Started process 30240 to run task
[2020-11-11 16:29:16,860] {standard_task_runner.py:77} INFO - Running: ['airflow', 'run', 'sleep_task', 'run_this_bash_last', '2020-11-01T04:05:00+00:00', '--job_id', '617', '--pool', 'default_pool', '--raw', '-sd', 'DAGS_FOLDER/sleep_task.py', '--cfg_path', '/tmp/tmpq99yti9q']
[2020-11-11 16:29:16,861] {standard_task_runner.py:78} INFO - Job 617: Subtask run_this_bash_last
[2020-11-11 16:29:16,881] {logging_mixin.py:112} INFO - Running %s on host %s <TaskInstance: sleep_task.run_this_bash_last 2020-11-01T04:05:00+00:00 [running]> nvt-B365M-DS3H
[2020-11-11 16:29:16,893] {bash_operator.py:113} INFO - Tmp dir root location: 
 /tmp
[2020-11-11 16:29:16,893] {bash_operator.py:134} INFO - Temporary script location: /tmp/airflowtmpk1troes9/run_this_bash_lastzne_c76j
[2020-11-11 16:29:16,893] {bash_operator.py:146} INFO - Running command: echo "run_id=scheduled__2020-11-01T04:05:00+00:00 | dag_run=<DagRun sleep_task @ 2020-11-01 04:05:00+00:00: scheduled__2020-11-01T04:05:00+00:00, externally triggered: False>"
[2020-11-11 16:29:16,897] {bash_operator.py:153} INFO - Output:
[2020-11-11 16:29:16,898] {bash_operator.py:157} INFO - run_id=scheduled__2020-11-01T04:05:00+00:00 | dag_run=<DagRun sleep_task @ 2020-11-01 04:05:00+00:00: scheduled__2020-11-01T04:05:00+00:00, externally triggered: False>
[2020-11-11 16:29:16,898] {bash_operator.py:159} INFO - Command exited with return code 0
[2020-11-11 16:29:16,902] {taskinstance.py:1057} INFO - Marking task as SUCCESS.dag_id=sleep_task, task_id=run_this_bash_last, execution_date=20201101T040500, start_date=20201111T092916, end_date=20201111T092916
[2020-11-11 16:29:21,798] {local_task_job.py:102} INFO - Task exited with return code 0
