[2020-11-11 16:22:49,017] {taskinstance.py:670} INFO - Dependencies all met for <TaskInstance: sleep_task.run_this_bash_first 2020-11-01T02:30:00+00:00 [queued]>
[2020-11-11 16:22:49,033] {taskinstance.py:670} INFO - Dependencies all met for <TaskInstance: sleep_task.run_this_bash_first 2020-11-01T02:30:00+00:00 [queued]>
[2020-11-11 16:22:49,033] {taskinstance.py:880} INFO - 
--------------------------------------------------------------------------------
[2020-11-11 16:22:49,034] {taskinstance.py:881} INFO - Starting attempt 1 of 2
[2020-11-11 16:22:49,034] {taskinstance.py:882} INFO - 
--------------------------------------------------------------------------------
[2020-11-11 16:22:49,043] {taskinstance.py:901} INFO - Executing <Task(BashOperator): run_this_bash_first> on 2020-11-01T02:30:00+00:00
[2020-11-11 16:22:49,045] {standard_task_runner.py:54} INFO - Started process 24519 to run task
[2020-11-11 16:22:49,108] {standard_task_runner.py:77} INFO - Running: ['airflow', 'run', 'sleep_task', 'run_this_bash_first', '2020-11-01T02:30:00+00:00', '--job_id', '323', '--pool', 'default_pool', '--raw', '-sd', 'DAGS_FOLDER/sleep_task.py', '--cfg_path', '/tmp/tmpln189p62']
[2020-11-11 16:22:49,108] {standard_task_runner.py:78} INFO - Job 323: Subtask run_this_bash_first
[2020-11-11 16:22:49,144] {logging_mixin.py:112} INFO - Running %s on host %s <TaskInstance: sleep_task.run_this_bash_first 2020-11-01T02:30:00+00:00 [running]> nvt-B365M-DS3H
[2020-11-11 16:22:49,178] {bash_operator.py:113} INFO - Tmp dir root location: 
 /tmp
[2020-11-11 16:22:49,179] {bash_operator.py:134} INFO - Temporary script location: /tmp/airflowtmpm7bxkwrs/run_this_bash_firstjc5xmeya
[2020-11-11 16:22:49,179] {bash_operator.py:146} INFO - Running command: echo start
[2020-11-11 16:22:49,184] {bash_operator.py:153} INFO - Output:
[2020-11-11 16:22:49,185] {bash_operator.py:157} INFO - start
[2020-11-11 16:22:49,185] {bash_operator.py:159} INFO - Command exited with return code 0
[2020-11-11 16:22:49,194] {taskinstance.py:1057} INFO - Marking task as SUCCESS.dag_id=sleep_task, task_id=run_this_bash_first, execution_date=20201101T023000, start_date=20201111T092249, end_date=20201111T092249
[2020-11-11 16:22:54,011] {local_task_job.py:102} INFO - Task exited with return code 0
