[2020-11-11 16:34:33,105] {taskinstance.py:670} INFO - Dependencies all met for <TaskInstance: sleep_task.run_this_bash_first 2020-11-01T05:55:00+00:00 [queued]>
[2020-11-11 16:34:33,117] {taskinstance.py:670} INFO - Dependencies all met for <TaskInstance: sleep_task.run_this_bash_first 2020-11-01T05:55:00+00:00 [queued]>
[2020-11-11 16:34:33,117] {taskinstance.py:880} INFO - 
--------------------------------------------------------------------------------
[2020-11-11 16:34:33,117] {taskinstance.py:881} INFO - Starting attempt 1 of 2
[2020-11-11 16:34:33,117] {taskinstance.py:882} INFO - 
--------------------------------------------------------------------------------
[2020-11-11 16:34:33,137] {taskinstance.py:901} INFO - Executing <Task(BashOperator): run_this_bash_first> on 2020-11-01T05:55:00+00:00
[2020-11-11 16:34:33,139] {standard_task_runner.py:54} INFO - Started process 34877 to run task
[2020-11-11 16:34:33,160] {standard_task_runner.py:77} INFO - Running: ['airflow', 'run', 'sleep_task', 'run_this_bash_first', '2020-11-01T05:55:00+00:00', '--job_id', '849', '--pool', 'default_pool', '--raw', '-sd', 'DAGS_FOLDER/sleep_task.py', '--cfg_path', '/tmp/tmpu9ixvb2p']
[2020-11-11 16:34:33,161] {standard_task_runner.py:78} INFO - Job 849: Subtask run_this_bash_first
[2020-11-11 16:34:33,198] {logging_mixin.py:112} INFO - Running %s on host %s <TaskInstance: sleep_task.run_this_bash_first 2020-11-01T05:55:00+00:00 [running]> nvt-B365M-DS3H
[2020-11-11 16:34:33,221] {bash_operator.py:113} INFO - Tmp dir root location: 
 /tmp
[2020-11-11 16:34:33,222] {bash_operator.py:134} INFO - Temporary script location: /tmp/airflowtmpizf3lthb/run_this_bash_first_4h2wbcr
[2020-11-11 16:34:33,222] {bash_operator.py:146} INFO - Running command: echo start
[2020-11-11 16:34:33,247] {bash_operator.py:153} INFO - Output:
[2020-11-11 16:34:33,250] {bash_operator.py:157} INFO - start
[2020-11-11 16:34:33,250] {bash_operator.py:159} INFO - Command exited with return code 0
[2020-11-11 16:34:33,256] {taskinstance.py:1057} INFO - Marking task as SUCCESS.dag_id=sleep_task, task_id=run_this_bash_first, execution_date=20201101T055500, start_date=20201111T093433, end_date=20201111T093433
[2020-11-11 16:34:38,105] {local_task_job.py:102} INFO - Task exited with return code 0
