[2020-11-11 16:30:27,998] {taskinstance.py:670} INFO - Dependencies all met for <TaskInstance: sleep_task.run_this_bash_first 2020-11-01T04:45:00+00:00 [queued]>
[2020-11-11 16:30:28,013] {taskinstance.py:670} INFO - Dependencies all met for <TaskInstance: sleep_task.run_this_bash_first 2020-11-01T04:45:00+00:00 [queued]>
[2020-11-11 16:30:28,013] {taskinstance.py:880} INFO - 
--------------------------------------------------------------------------------
[2020-11-11 16:30:28,013] {taskinstance.py:881} INFO - Starting attempt 1 of 2
[2020-11-11 16:30:28,013] {taskinstance.py:882} INFO - 
--------------------------------------------------------------------------------
[2020-11-11 16:30:28,023] {taskinstance.py:901} INFO - Executing <Task(BashOperator): run_this_bash_first> on 2020-11-01T04:45:00+00:00
[2020-11-11 16:30:28,025] {standard_task_runner.py:54} INFO - Started process 31286 to run task
[2020-11-11 16:30:28,041] {standard_task_runner.py:77} INFO - Running: ['airflow', 'run', 'sleep_task', 'run_this_bash_first', '2020-11-01T04:45:00+00:00', '--job_id', '673', '--pool', 'default_pool', '--raw', '-sd', 'DAGS_FOLDER/sleep_task.py', '--cfg_path', '/tmp/tmpsdhcdsz9']
[2020-11-11 16:30:28,041] {standard_task_runner.py:78} INFO - Job 673: Subtask run_this_bash_first
[2020-11-11 16:30:28,062] {logging_mixin.py:112} INFO - Running %s on host %s <TaskInstance: sleep_task.run_this_bash_first 2020-11-01T04:45:00+00:00 [running]> nvt-B365M-DS3H
[2020-11-11 16:30:28,072] {bash_operator.py:113} INFO - Tmp dir root location: 
 /tmp
[2020-11-11 16:30:28,072] {bash_operator.py:134} INFO - Temporary script location: /tmp/airflowtmpzn0znrz0/run_this_bash_firstzwrp4cqx
[2020-11-11 16:30:28,072] {bash_operator.py:146} INFO - Running command: echo start
[2020-11-11 16:30:28,076] {bash_operator.py:153} INFO - Output:
[2020-11-11 16:30:28,077] {bash_operator.py:157} INFO - start
[2020-11-11 16:30:28,077] {bash_operator.py:159} INFO - Command exited with return code 0
[2020-11-11 16:30:28,081] {taskinstance.py:1057} INFO - Marking task as SUCCESS.dag_id=sleep_task, task_id=run_this_bash_first, execution_date=20201101T044500, start_date=20201111T093027, end_date=20201111T093028
[2020-11-11 16:30:32,987] {local_task_job.py:102} INFO - Task exited with return code 0
