[2020-11-11 16:31:15,937] {taskinstance.py:670} INFO - Dependencies all met for <TaskInstance: sleep_task.run_this_bash_first 2020-11-01T05:05:00+00:00 [queued]>
[2020-11-11 16:31:15,945] {taskinstance.py:670} INFO - Dependencies all met for <TaskInstance: sleep_task.run_this_bash_first 2020-11-01T05:05:00+00:00 [queued]>
[2020-11-11 16:31:15,945] {taskinstance.py:880} INFO - 
--------------------------------------------------------------------------------
[2020-11-11 16:31:15,945] {taskinstance.py:881} INFO - Starting attempt 1 of 2
[2020-11-11 16:31:15,945] {taskinstance.py:882} INFO - 
--------------------------------------------------------------------------------
[2020-11-11 16:31:15,954] {taskinstance.py:901} INFO - Executing <Task(BashOperator): run_this_bash_first> on 2020-11-01T05:05:00+00:00
[2020-11-11 16:31:15,955] {standard_task_runner.py:54} INFO - Started process 32016 to run task
[2020-11-11 16:31:15,970] {standard_task_runner.py:77} INFO - Running: ['airflow', 'run', 'sleep_task', 'run_this_bash_first', '2020-11-01T05:05:00+00:00', '--job_id', '708', '--pool', 'default_pool', '--raw', '-sd', 'DAGS_FOLDER/sleep_task.py', '--cfg_path', '/tmp/tmp2z9g7r8n']
[2020-11-11 16:31:15,971] {standard_task_runner.py:78} INFO - Job 708: Subtask run_this_bash_first
[2020-11-11 16:31:15,993] {logging_mixin.py:112} INFO - Running %s on host %s <TaskInstance: sleep_task.run_this_bash_first 2020-11-01T05:05:00+00:00 [running]> nvt-B365M-DS3H
[2020-11-11 16:31:16,004] {bash_operator.py:113} INFO - Tmp dir root location: 
 /tmp
[2020-11-11 16:31:16,005] {bash_operator.py:134} INFO - Temporary script location: /tmp/airflowtmpkjbjpehd/run_this_bash_firstbm0k1xjk
[2020-11-11 16:31:16,005] {bash_operator.py:146} INFO - Running command: echo start
[2020-11-11 16:31:16,009] {bash_operator.py:153} INFO - Output:
[2020-11-11 16:31:16,010] {bash_operator.py:157} INFO - start
[2020-11-11 16:31:16,010] {bash_operator.py:159} INFO - Command exited with return code 0
[2020-11-11 16:31:16,016] {taskinstance.py:1057} INFO - Marking task as SUCCESS.dag_id=sleep_task, task_id=run_this_bash_first, execution_date=20201101T050500, start_date=20201111T093115, end_date=20201111T093116
[2020-11-11 16:31:20,933] {local_task_job.py:102} INFO - Task exited with return code 0
