[2020-11-11 16:33:31,510] {taskinstance.py:670} INFO - Dependencies all met for <TaskInstance: sleep_task.run_this_bash_last 2020-11-01T04:50:00+00:00 [queued]>
[2020-11-11 16:33:31,537] {taskinstance.py:670} INFO - Dependencies all met for <TaskInstance: sleep_task.run_this_bash_last 2020-11-01T04:50:00+00:00 [queued]>
[2020-11-11 16:33:31,537] {taskinstance.py:880} INFO - 
--------------------------------------------------------------------------------
[2020-11-11 16:33:31,537] {taskinstance.py:881} INFO - Starting attempt 1 of 2
[2020-11-11 16:33:31,537] {taskinstance.py:882} INFO - 
--------------------------------------------------------------------------------
[2020-11-11 16:33:31,559] {taskinstance.py:901} INFO - Executing <Task(BashOperator): run_this_bash_last> on 2020-11-01T04:50:00+00:00
[2020-11-11 16:33:31,561] {standard_task_runner.py:54} INFO - Started process 34016 to run task
[2020-11-11 16:33:31,591] {standard_task_runner.py:77} INFO - Running: ['airflow', 'run', 'sleep_task', 'run_this_bash_last', '2020-11-01T04:50:00+00:00', '--job_id', '800', '--pool', 'default_pool', '--raw', '-sd', 'DAGS_FOLDER/sleep_task.py', '--cfg_path', '/tmp/tmp76qvb0fh']
[2020-11-11 16:33:31,592] {standard_task_runner.py:78} INFO - Job 800: Subtask run_this_bash_last
[2020-11-11 16:33:31,631] {logging_mixin.py:112} INFO - Running %s on host %s <TaskInstance: sleep_task.run_this_bash_last 2020-11-01T04:50:00+00:00 [running]> nvt-B365M-DS3H
[2020-11-11 16:33:31,645] {bash_operator.py:113} INFO - Tmp dir root location: 
 /tmp
[2020-11-11 16:33:31,646] {bash_operator.py:134} INFO - Temporary script location: /tmp/airflowtmpkbhh6zq6/run_this_bash_lastoqbm92io
[2020-11-11 16:33:31,646] {bash_operator.py:146} INFO - Running command: echo "run_id=scheduled__2020-11-01T04:50:00+00:00 | dag_run=<DagRun sleep_task @ 2020-11-01 04:50:00+00:00: scheduled__2020-11-01T04:50:00+00:00, externally triggered: False>"
[2020-11-11 16:33:31,651] {bash_operator.py:153} INFO - Output:
[2020-11-11 16:33:31,653] {bash_operator.py:157} INFO - run_id=scheduled__2020-11-01T04:50:00+00:00 | dag_run=<DagRun sleep_task @ 2020-11-01 04:50:00+00:00: scheduled__2020-11-01T04:50:00+00:00, externally triggered: False>
[2020-11-11 16:33:31,653] {bash_operator.py:159} INFO - Command exited with return code 0
[2020-11-11 16:33:31,658] {taskinstance.py:1057} INFO - Marking task as SUCCESS.dag_id=sleep_task, task_id=run_this_bash_last, execution_date=20201101T045000, start_date=20201111T093331, end_date=20201111T093331
[2020-11-11 16:33:36,498] {local_task_job.py:102} INFO - Task exited with return code 0
