[2020-11-11 16:33:54,112] {taskinstance.py:670} INFO - Dependencies all met for <TaskInstance: sleep_task.run_this_bash_first 2020-11-01T05:40:00+00:00 [queued]>
[2020-11-11 16:33:54,123] {taskinstance.py:670} INFO - Dependencies all met for <TaskInstance: sleep_task.run_this_bash_first 2020-11-01T05:40:00+00:00 [queued]>
[2020-11-11 16:33:54,123] {taskinstance.py:880} INFO - 
--------------------------------------------------------------------------------
[2020-11-11 16:33:54,123] {taskinstance.py:881} INFO - Starting attempt 1 of 2
[2020-11-11 16:33:54,123] {taskinstance.py:882} INFO - 
--------------------------------------------------------------------------------
[2020-11-11 16:33:54,134] {taskinstance.py:901} INFO - Executing <Task(BashOperator): run_this_bash_first> on 2020-11-01T05:40:00+00:00
[2020-11-11 16:33:54,137] {standard_task_runner.py:54} INFO - Started process 34295 to run task
[2020-11-11 16:33:54,153] {standard_task_runner.py:77} INFO - Running: ['airflow', 'run', 'sleep_task', 'run_this_bash_first', '2020-11-01T05:40:00+00:00', '--job_id', '822', '--pool', 'default_pool', '--raw', '-sd', 'DAGS_FOLDER/sleep_task.py', '--cfg_path', '/tmp/tmp3bs4eeza']
[2020-11-11 16:33:54,153] {standard_task_runner.py:78} INFO - Job 822: Subtask run_this_bash_first
[2020-11-11 16:33:54,174] {logging_mixin.py:112} INFO - Running %s on host %s <TaskInstance: sleep_task.run_this_bash_first 2020-11-01T05:40:00+00:00 [running]> nvt-B365M-DS3H
[2020-11-11 16:33:54,184] {bash_operator.py:113} INFO - Tmp dir root location: 
 /tmp
[2020-11-11 16:33:54,184] {bash_operator.py:134} INFO - Temporary script location: /tmp/airflowtmp93_vtp09/run_this_bash_firstqit33qr2
[2020-11-11 16:33:54,184] {bash_operator.py:146} INFO - Running command: echo start
[2020-11-11 16:33:54,188] {bash_operator.py:153} INFO - Output:
[2020-11-11 16:33:54,189] {bash_operator.py:157} INFO - start
[2020-11-11 16:33:54,189] {bash_operator.py:159} INFO - Command exited with return code 0
[2020-11-11 16:33:54,194] {taskinstance.py:1057} INFO - Marking task as SUCCESS.dag_id=sleep_task, task_id=run_this_bash_first, execution_date=20201101T054000, start_date=20201111T093354, end_date=20201111T093354
[2020-11-11 16:33:59,113] {local_task_job.py:102} INFO - Task exited with return code 0
