[2020-11-11 16:32:20,047] {taskinstance.py:670} INFO - Dependencies all met for <TaskInstance: sleep_task.run_this_bash_first 2020-11-01T05:30:00+00:00 [queued]>
[2020-11-11 16:32:20,057] {taskinstance.py:670} INFO - Dependencies all met for <TaskInstance: sleep_task.run_this_bash_first 2020-11-01T05:30:00+00:00 [queued]>
[2020-11-11 16:32:20,057] {taskinstance.py:880} INFO - 
--------------------------------------------------------------------------------
[2020-11-11 16:32:20,057] {taskinstance.py:881} INFO - Starting attempt 1 of 2
[2020-11-11 16:32:20,057] {taskinstance.py:882} INFO - 
--------------------------------------------------------------------------------
[2020-11-11 16:32:20,066] {taskinstance.py:901} INFO - Executing <Task(BashOperator): run_this_bash_first> on 2020-11-01T05:30:00+00:00
[2020-11-11 16:32:20,068] {standard_task_runner.py:54} INFO - Started process 32976 to run task
[2020-11-11 16:32:20,085] {standard_task_runner.py:77} INFO - Running: ['airflow', 'run', 'sleep_task', 'run_this_bash_first', '2020-11-01T05:30:00+00:00', '--job_id', '755', '--pool', 'default_pool', '--raw', '-sd', 'DAGS_FOLDER/sleep_task.py', '--cfg_path', '/tmp/tmp4y3n7u55']
[2020-11-11 16:32:20,086] {standard_task_runner.py:78} INFO - Job 755: Subtask run_this_bash_first
[2020-11-11 16:32:20,114] {logging_mixin.py:112} INFO - Running %s on host %s <TaskInstance: sleep_task.run_this_bash_first 2020-11-01T05:30:00+00:00 [running]> nvt-B365M-DS3H
[2020-11-11 16:32:20,126] {bash_operator.py:113} INFO - Tmp dir root location: 
 /tmp
[2020-11-11 16:32:20,126] {bash_operator.py:134} INFO - Temporary script location: /tmp/airflowtmpl954n_fe/run_this_bash_firste4yudzyq
[2020-11-11 16:32:20,126] {bash_operator.py:146} INFO - Running command: echo start
[2020-11-11 16:32:20,132] {bash_operator.py:153} INFO - Output:
[2020-11-11 16:32:20,133] {bash_operator.py:157} INFO - start
[2020-11-11 16:32:20,133] {bash_operator.py:159} INFO - Command exited with return code 0
[2020-11-11 16:32:20,137] {taskinstance.py:1057} INFO - Marking task as SUCCESS.dag_id=sleep_task, task_id=run_this_bash_first, execution_date=20201101T053000, start_date=20201111T093220, end_date=20201111T093220
[2020-11-11 16:32:25,038] {local_task_job.py:102} INFO - Task exited with return code 0
