[2020-11-11 16:20:46,370] {taskinstance.py:670} INFO - Dependencies all met for <TaskInstance: sleep_task.run_this_bash_first 2020-11-01T01:40:00+00:00 [queued]>
[2020-11-11 16:20:46,388] {taskinstance.py:670} INFO - Dependencies all met for <TaskInstance: sleep_task.run_this_bash_first 2020-11-01T01:40:00+00:00 [queued]>
[2020-11-11 16:20:46,389] {taskinstance.py:880} INFO - 
--------------------------------------------------------------------------------
[2020-11-11 16:20:46,389] {taskinstance.py:881} INFO - Starting attempt 1 of 2
[2020-11-11 16:20:46,389] {taskinstance.py:882} INFO - 
--------------------------------------------------------------------------------
[2020-11-11 16:20:46,400] {taskinstance.py:901} INFO - Executing <Task(BashOperator): run_this_bash_first> on 2020-11-01T01:40:00+00:00
[2020-11-11 16:20:46,402] {standard_task_runner.py:54} INFO - Started process 22744 to run task
[2020-11-11 16:20:46,423] {standard_task_runner.py:77} INFO - Running: ['airflow', 'run', 'sleep_task', 'run_this_bash_first', '2020-11-01T01:40:00+00:00', '--job_id', '232', '--pool', 'default_pool', '--raw', '-sd', 'DAGS_FOLDER/sleep_task.py', '--cfg_path', '/tmp/tmpdfz4jnfq']
[2020-11-11 16:20:46,424] {standard_task_runner.py:78} INFO - Job 232: Subtask run_this_bash_first
[2020-11-11 16:20:46,464] {logging_mixin.py:112} INFO - Running %s on host %s <TaskInstance: sleep_task.run_this_bash_first 2020-11-01T01:40:00+00:00 [running]> nvt-B365M-DS3H
[2020-11-11 16:20:46,487] {bash_operator.py:113} INFO - Tmp dir root location: 
 /tmp
[2020-11-11 16:20:46,488] {bash_operator.py:134} INFO - Temporary script location: /tmp/airflowtmp9mx7kvti/run_this_bash_first4omgmjou
[2020-11-11 16:20:46,488] {bash_operator.py:146} INFO - Running command: echo start
[2020-11-11 16:20:46,501] {bash_operator.py:153} INFO - Output:
[2020-11-11 16:20:46,503] {bash_operator.py:157} INFO - start
[2020-11-11 16:20:46,504] {bash_operator.py:159} INFO - Command exited with return code 0
[2020-11-11 16:20:46,511] {taskinstance.py:1057} INFO - Marking task as SUCCESS.dag_id=sleep_task, task_id=run_this_bash_first, execution_date=20201101T014000, start_date=20201111T092046, end_date=20201111T092046
[2020-11-11 16:20:51,367] {local_task_job.py:102} INFO - Task exited with return code 0
