[2020-11-11 16:29:16,818] {taskinstance.py:670} INFO - Dependencies all met for <TaskInstance: sleep_task.run_this_bash_first 2020-11-01T04:15:00+00:00 [queued]>
[2020-11-11 16:29:16,827] {taskinstance.py:670} INFO - Dependencies all met for <TaskInstance: sleep_task.run_this_bash_first 2020-11-01T04:15:00+00:00 [queued]>
[2020-11-11 16:29:16,827] {taskinstance.py:880} INFO - 
--------------------------------------------------------------------------------
[2020-11-11 16:29:16,827] {taskinstance.py:881} INFO - Starting attempt 1 of 2
[2020-11-11 16:29:16,827] {taskinstance.py:882} INFO - 
--------------------------------------------------------------------------------
[2020-11-11 16:29:16,835] {taskinstance.py:901} INFO - Executing <Task(BashOperator): run_this_bash_first> on 2020-11-01T04:15:00+00:00
[2020-11-11 16:29:16,837] {standard_task_runner.py:54} INFO - Started process 30239 to run task
[2020-11-11 16:29:16,853] {standard_task_runner.py:77} INFO - Running: ['airflow', 'run', 'sleep_task', 'run_this_bash_first', '2020-11-01T04:15:00+00:00', '--job_id', '618', '--pool', 'default_pool', '--raw', '-sd', 'DAGS_FOLDER/sleep_task.py', '--cfg_path', '/tmp/tmpp93v8hvy']
[2020-11-11 16:29:16,853] {standard_task_runner.py:78} INFO - Job 618: Subtask run_this_bash_first
[2020-11-11 16:29:16,873] {logging_mixin.py:112} INFO - Running %s on host %s <TaskInstance: sleep_task.run_this_bash_first 2020-11-01T04:15:00+00:00 [running]> nvt-B365M-DS3H
[2020-11-11 16:29:16,883] {bash_operator.py:113} INFO - Tmp dir root location: 
 /tmp
[2020-11-11 16:29:16,884] {bash_operator.py:134} INFO - Temporary script location: /tmp/airflowtmpj7sbvqeu/run_this_bash_firsthnuf_i5g
[2020-11-11 16:29:16,884] {bash_operator.py:146} INFO - Running command: echo start
[2020-11-11 16:29:16,888] {bash_operator.py:153} INFO - Output:
[2020-11-11 16:29:16,889] {bash_operator.py:157} INFO - start
[2020-11-11 16:29:16,889] {bash_operator.py:159} INFO - Command exited with return code 0
[2020-11-11 16:29:16,893] {taskinstance.py:1057} INFO - Marking task as SUCCESS.dag_id=sleep_task, task_id=run_this_bash_first, execution_date=20201101T041500, start_date=20201111T092916, end_date=20201111T092916
[2020-11-11 16:29:21,805] {local_task_job.py:102} INFO - Task exited with return code 0
