[2020-11-11 16:30:18,085] {taskinstance.py:670} INFO - Dependencies all met for <TaskInstance: sleep_task.run_this_bash_first 2020-11-01T04:40:00+00:00 [queued]>
[2020-11-11 16:30:18,094] {taskinstance.py:670} INFO - Dependencies all met for <TaskInstance: sleep_task.run_this_bash_first 2020-11-01T04:40:00+00:00 [queued]>
[2020-11-11 16:30:18,094] {taskinstance.py:880} INFO - 
--------------------------------------------------------------------------------
[2020-11-11 16:30:18,094] {taskinstance.py:881} INFO - Starting attempt 1 of 2
[2020-11-11 16:30:18,094] {taskinstance.py:882} INFO - 
--------------------------------------------------------------------------------
[2020-11-11 16:30:18,104] {taskinstance.py:901} INFO - Executing <Task(BashOperator): run_this_bash_first> on 2020-11-01T04:40:00+00:00
[2020-11-11 16:30:18,106] {standard_task_runner.py:54} INFO - Started process 31196 to run task
[2020-11-11 16:30:18,121] {standard_task_runner.py:77} INFO - Running: ['airflow', 'run', 'sleep_task', 'run_this_bash_first', '2020-11-01T04:40:00+00:00', '--job_id', '671', '--pool', 'default_pool', '--raw', '-sd', 'DAGS_FOLDER/sleep_task.py', '--cfg_path', '/tmp/tmp3a51r8bc']
[2020-11-11 16:30:18,122] {standard_task_runner.py:78} INFO - Job 671: Subtask run_this_bash_first
[2020-11-11 16:30:18,143] {logging_mixin.py:112} INFO - Running %s on host %s <TaskInstance: sleep_task.run_this_bash_first 2020-11-01T04:40:00+00:00 [running]> nvt-B365M-DS3H
[2020-11-11 16:30:18,153] {bash_operator.py:113} INFO - Tmp dir root location: 
 /tmp
[2020-11-11 16:30:18,154] {bash_operator.py:134} INFO - Temporary script location: /tmp/airflowtmpmv6o0le0/run_this_bash_firstd1ema3ja
[2020-11-11 16:30:18,154] {bash_operator.py:146} INFO - Running command: echo start
[2020-11-11 16:30:18,158] {bash_operator.py:153} INFO - Output:
[2020-11-11 16:30:18,159] {bash_operator.py:157} INFO - start
[2020-11-11 16:30:18,159] {bash_operator.py:159} INFO - Command exited with return code 0
[2020-11-11 16:30:18,163] {taskinstance.py:1057} INFO - Marking task as SUCCESS.dag_id=sleep_task, task_id=run_this_bash_first, execution_date=20201101T044000, start_date=20201111T093018, end_date=20201111T093018
[2020-11-11 16:30:23,086] {local_task_job.py:102} INFO - Task exited with return code 0
