[2020-11-11 16:21:11,098] {taskinstance.py:670} INFO - Dependencies all met for <TaskInstance: sleep_task.run_this_bash_first 2020-11-01T01:50:00+00:00 [queued]>
[2020-11-11 16:21:11,130] {taskinstance.py:670} INFO - Dependencies all met for <TaskInstance: sleep_task.run_this_bash_first 2020-11-01T01:50:00+00:00 [queued]>
[2020-11-11 16:21:11,130] {taskinstance.py:880} INFO - 
--------------------------------------------------------------------------------
[2020-11-11 16:21:11,130] {taskinstance.py:881} INFO - Starting attempt 1 of 2
[2020-11-11 16:21:11,130] {taskinstance.py:882} INFO - 
--------------------------------------------------------------------------------
[2020-11-11 16:21:11,152] {taskinstance.py:901} INFO - Executing <Task(BashOperator): run_this_bash_first> on 2020-11-01T01:50:00+00:00
[2020-11-11 16:21:11,156] {standard_task_runner.py:54} INFO - Started process 23165 to run task
[2020-11-11 16:21:11,206] {standard_task_runner.py:77} INFO - Running: ['airflow', 'run', 'sleep_task', 'run_this_bash_first', '2020-11-01T01:50:00+00:00', '--job_id', '251', '--pool', 'default_pool', '--raw', '-sd', 'DAGS_FOLDER/sleep_task.py', '--cfg_path', '/tmp/tmpmaaxo5r3']
[2020-11-11 16:21:11,206] {standard_task_runner.py:78} INFO - Job 251: Subtask run_this_bash_first
[2020-11-11 16:21:11,262] {logging_mixin.py:112} INFO - Running %s on host %s <TaskInstance: sleep_task.run_this_bash_first 2020-11-01T01:50:00+00:00 [running]> nvt-B365M-DS3H
[2020-11-11 16:21:11,289] {bash_operator.py:113} INFO - Tmp dir root location: 
 /tmp
[2020-11-11 16:21:11,295] {bash_operator.py:134} INFO - Temporary script location: /tmp/airflowtmpyxim98_c/run_this_bash_firstphotemxm
[2020-11-11 16:21:11,295] {bash_operator.py:146} INFO - Running command: echo start
[2020-11-11 16:21:11,309] {bash_operator.py:153} INFO - Output:
[2020-11-11 16:21:11,309] {bash_operator.py:157} INFO - start
[2020-11-11 16:21:11,310] {bash_operator.py:159} INFO - Command exited with return code 0
[2020-11-11 16:21:11,317] {taskinstance.py:1057} INFO - Marking task as SUCCESS.dag_id=sleep_task, task_id=run_this_bash_first, execution_date=20201101T015000, start_date=20201111T092111, end_date=20201111T092111
[2020-11-11 16:21:16,079] {local_task_job.py:102} INFO - Task exited with return code 0
