[2020-11-11 16:18:19,312] {taskinstance.py:670} INFO - Dependencies all met for <TaskInstance: sleep_task.run_this_bash_first 2020-11-01T01:05:00+00:00 [queued]>
[2020-11-11 16:18:19,336] {taskinstance.py:670} INFO - Dependencies all met for <TaskInstance: sleep_task.run_this_bash_first 2020-11-01T01:05:00+00:00 [queued]>
[2020-11-11 16:18:19,336] {taskinstance.py:880} INFO - 
--------------------------------------------------------------------------------
[2020-11-11 16:18:19,336] {taskinstance.py:881} INFO - Starting attempt 1 of 2
[2020-11-11 16:18:19,336] {taskinstance.py:882} INFO - 
--------------------------------------------------------------------------------
[2020-11-11 16:18:19,360] {taskinstance.py:901} INFO - Executing <Task(BashOperator): run_this_bash_first> on 2020-11-01T01:05:00+00:00
[2020-11-11 16:18:19,365] {standard_task_runner.py:54} INFO - Started process 20545 to run task
[2020-11-11 16:18:19,408] {standard_task_runner.py:77} INFO - Running: ['airflow', 'run', 'sleep_task', 'run_this_bash_first', '2020-11-01T01:05:00+00:00', '--job_id', '131', '--pool', 'default_pool', '--raw', '-sd', 'DAGS_FOLDER/sleep_task.py', '--cfg_path', '/tmp/tmpp4izal1f']
[2020-11-11 16:18:19,409] {standard_task_runner.py:78} INFO - Job 131: Subtask run_this_bash_first
[2020-11-11 16:18:19,436] {logging_mixin.py:112} INFO - Running %s on host %s <TaskInstance: sleep_task.run_this_bash_first 2020-11-01T01:05:00+00:00 [running]> nvt-B365M-DS3H
[2020-11-11 16:18:19,446] {bash_operator.py:113} INFO - Tmp dir root location: 
 /tmp
[2020-11-11 16:18:19,447] {bash_operator.py:134} INFO - Temporary script location: /tmp/airflowtmp5g33trit/run_this_bash_firstk7o6lw1k
[2020-11-11 16:18:19,447] {bash_operator.py:146} INFO - Running command: echo start
[2020-11-11 16:18:19,451] {bash_operator.py:153} INFO - Output:
[2020-11-11 16:18:19,452] {bash_operator.py:157} INFO - start
[2020-11-11 16:18:19,452] {bash_operator.py:159} INFO - Command exited with return code 0
[2020-11-11 16:18:19,456] {taskinstance.py:1057} INFO - Marking task as SUCCESS.dag_id=sleep_task, task_id=run_this_bash_first, execution_date=20201101T010500, start_date=20201111T091819, end_date=20201111T091819
[2020-11-11 16:18:24,291] {local_task_job.py:102} INFO - Task exited with return code 0
