[2020-11-11 16:24:47,785] {taskinstance.py:670} INFO - Dependencies all met for <TaskInstance: sleep_task.run_this_bash_last 2020-11-01T02:40:00+00:00 [queued]>
[2020-11-11 16:24:47,800] {taskinstance.py:670} INFO - Dependencies all met for <TaskInstance: sleep_task.run_this_bash_last 2020-11-01T02:40:00+00:00 [queued]>
[2020-11-11 16:24:47,800] {taskinstance.py:880} INFO - 
--------------------------------------------------------------------------------
[2020-11-11 16:24:47,800] {taskinstance.py:881} INFO - Starting attempt 1 of 2
[2020-11-11 16:24:47,800] {taskinstance.py:882} INFO - 
--------------------------------------------------------------------------------
[2020-11-11 16:24:47,808] {taskinstance.py:901} INFO - Executing <Task(BashOperator): run_this_bash_last> on 2020-11-01T02:40:00+00:00
[2020-11-11 16:24:47,810] {standard_task_runner.py:54} INFO - Started process 26168 to run task
[2020-11-11 16:24:47,855] {standard_task_runner.py:77} INFO - Running: ['airflow', 'run', 'sleep_task', 'run_this_bash_last', '2020-11-01T02:40:00+00:00', '--job_id', '406', '--pool', 'default_pool', '--raw', '-sd', 'DAGS_FOLDER/sleep_task.py', '--cfg_path', '/tmp/tmpjayqexx6']
[2020-11-11 16:24:47,855] {standard_task_runner.py:78} INFO - Job 406: Subtask run_this_bash_last
[2020-11-11 16:24:47,884] {logging_mixin.py:112} INFO - Running %s on host %s <TaskInstance: sleep_task.run_this_bash_last 2020-11-01T02:40:00+00:00 [running]> nvt-B365M-DS3H
[2020-11-11 16:24:47,911] {bash_operator.py:113} INFO - Tmp dir root location: 
 /tmp
[2020-11-11 16:24:47,911] {bash_operator.py:134} INFO - Temporary script location: /tmp/airflowtmp__4dwa7w/run_this_bash_laste9e2oo64
[2020-11-11 16:24:47,911] {bash_operator.py:146} INFO - Running command: echo "run_id=scheduled__2020-11-01T02:40:00+00:00 | dag_run=<DagRun sleep_task @ 2020-11-01 02:40:00+00:00: scheduled__2020-11-01T02:40:00+00:00, externally triggered: False>"
[2020-11-11 16:24:47,925] {bash_operator.py:153} INFO - Output:
[2020-11-11 16:24:47,929] {bash_operator.py:157} INFO - run_id=scheduled__2020-11-01T02:40:00+00:00 | dag_run=<DagRun sleep_task @ 2020-11-01 02:40:00+00:00: scheduled__2020-11-01T02:40:00+00:00, externally triggered: False>
[2020-11-11 16:24:47,930] {bash_operator.py:159} INFO - Command exited with return code 0
[2020-11-11 16:24:47,934] {taskinstance.py:1057} INFO - Marking task as SUCCESS.dag_id=sleep_task, task_id=run_this_bash_last, execution_date=20201101T024000, start_date=20201111T092447, end_date=20201111T092447
[2020-11-11 16:24:52,783] {local_task_job.py:102} INFO - Task exited with return code 0
