[2020-11-11 16:33:31,161] {taskinstance.py:670} INFO - Dependencies all met for <TaskInstance: sleep_task.run_this_bash_last 2020-11-01T04:35:00+00:00 [queued]>
[2020-11-11 16:33:31,175] {taskinstance.py:670} INFO - Dependencies all met for <TaskInstance: sleep_task.run_this_bash_last 2020-11-01T04:35:00+00:00 [queued]>
[2020-11-11 16:33:31,175] {taskinstance.py:880} INFO - 
--------------------------------------------------------------------------------
[2020-11-11 16:33:31,175] {taskinstance.py:881} INFO - Starting attempt 1 of 2
[2020-11-11 16:33:31,175] {taskinstance.py:882} INFO - 
--------------------------------------------------------------------------------
[2020-11-11 16:33:31,185] {taskinstance.py:901} INFO - Executing <Task(BashOperator): run_this_bash_last> on 2020-11-01T04:35:00+00:00
[2020-11-11 16:33:31,186] {standard_task_runner.py:54} INFO - Started process 33969 to run task
[2020-11-11 16:33:31,274] {standard_task_runner.py:77} INFO - Running: ['airflow', 'run', 'sleep_task', 'run_this_bash_last', '2020-11-01T04:35:00+00:00', '--job_id', '798', '--pool', 'default_pool', '--raw', '-sd', 'DAGS_FOLDER/sleep_task.py', '--cfg_path', '/tmp/tmpq6qkd2sx']
[2020-11-11 16:33:31,285] {standard_task_runner.py:78} INFO - Job 798: Subtask run_this_bash_last
[2020-11-11 16:33:31,376] {logging_mixin.py:112} INFO - Running %s on host %s <TaskInstance: sleep_task.run_this_bash_last 2020-11-01T04:35:00+00:00 [running]> nvt-B365M-DS3H
[2020-11-11 16:33:31,423] {bash_operator.py:113} INFO - Tmp dir root location: 
 /tmp
[2020-11-11 16:33:31,424] {bash_operator.py:134} INFO - Temporary script location: /tmp/airflowtmpvk4sscwl/run_this_bash_last2gw7k1mx
[2020-11-11 16:33:31,424] {bash_operator.py:146} INFO - Running command: echo "run_id=scheduled__2020-11-01T04:35:00+00:00 | dag_run=<DagRun sleep_task @ 2020-11-01 04:35:00+00:00: scheduled__2020-11-01T04:35:00+00:00, externally triggered: False>"
[2020-11-11 16:33:31,467] {bash_operator.py:153} INFO - Output:
[2020-11-11 16:33:31,478] {bash_operator.py:157} INFO - run_id=scheduled__2020-11-01T04:35:00+00:00 | dag_run=<DagRun sleep_task @ 2020-11-01 04:35:00+00:00: scheduled__2020-11-01T04:35:00+00:00, externally triggered: False>
[2020-11-11 16:33:31,479] {bash_operator.py:159} INFO - Command exited with return code 0
[2020-11-11 16:33:31,483] {taskinstance.py:1057} INFO - Marking task as SUCCESS.dag_id=sleep_task, task_id=run_this_bash_last, execution_date=20201101T043500, start_date=20201111T093331, end_date=20201111T093331
[2020-11-11 16:33:36,154] {local_task_job.py:102} INFO - Task exited with return code 0
