[2020-11-11 16:22:23,330] {taskinstance.py:670} INFO - Dependencies all met for <TaskInstance: sleep_task.run_this_bash_first 2020-11-01T02:20:00+00:00 [queued]>
[2020-11-11 16:22:23,357] {taskinstance.py:670} INFO - Dependencies all met for <TaskInstance: sleep_task.run_this_bash_first 2020-11-01T02:20:00+00:00 [queued]>
[2020-11-11 16:22:23,357] {taskinstance.py:880} INFO - 
--------------------------------------------------------------------------------
[2020-11-11 16:22:23,357] {taskinstance.py:881} INFO - Starting attempt 1 of 2
[2020-11-11 16:22:23,357] {taskinstance.py:882} INFO - 
--------------------------------------------------------------------------------
[2020-11-11 16:22:23,378] {taskinstance.py:901} INFO - Executing <Task(BashOperator): run_this_bash_first> on 2020-11-01T02:20:00+00:00
[2020-11-11 16:22:23,383] {standard_task_runner.py:54} INFO - Started process 24211 to run task
[2020-11-11 16:22:23,414] {standard_task_runner.py:77} INFO - Running: ['airflow', 'run', 'sleep_task', 'run_this_bash_first', '2020-11-01T02:20:00+00:00', '--job_id', '310', '--pool', 'default_pool', '--raw', '-sd', 'DAGS_FOLDER/sleep_task.py', '--cfg_path', '/tmp/tmpvdrseh8m']
[2020-11-11 16:22:23,415] {standard_task_runner.py:78} INFO - Job 310: Subtask run_this_bash_first
[2020-11-11 16:22:23,467] {logging_mixin.py:112} INFO - Running %s on host %s <TaskInstance: sleep_task.run_this_bash_first 2020-11-01T02:20:00+00:00 [running]> nvt-B365M-DS3H
[2020-11-11 16:22:23,503] {bash_operator.py:113} INFO - Tmp dir root location: 
 /tmp
[2020-11-11 16:22:23,504] {bash_operator.py:134} INFO - Temporary script location: /tmp/airflowtmpr0ecxfew/run_this_bash_first3f5yuk98
[2020-11-11 16:22:23,504] {bash_operator.py:146} INFO - Running command: echo start
[2020-11-11 16:22:23,510] {bash_operator.py:153} INFO - Output:
[2020-11-11 16:22:23,511] {bash_operator.py:157} INFO - start
[2020-11-11 16:22:23,511] {bash_operator.py:159} INFO - Command exited with return code 0
[2020-11-11 16:22:23,515] {taskinstance.py:1057} INFO - Marking task as SUCCESS.dag_id=sleep_task, task_id=run_this_bash_first, execution_date=20201101T022000, start_date=20201111T092223, end_date=20201111T092223
[2020-11-11 16:22:28,316] {local_task_job.py:102} INFO - Task exited with return code 0
