[2020-11-11 16:16:30,300] {taskinstance.py:670} INFO - Dependencies all met for <TaskInstance: sleep_task.run_this_bash_first 2020-11-01T00:20:00+00:00 [queued]>
[2020-11-11 16:16:30,322] {taskinstance.py:670} INFO - Dependencies all met for <TaskInstance: sleep_task.run_this_bash_first 2020-11-01T00:20:00+00:00 [queued]>
[2020-11-11 16:16:30,322] {taskinstance.py:880} INFO - 
--------------------------------------------------------------------------------
[2020-11-11 16:16:30,322] {taskinstance.py:881} INFO - Starting attempt 1 of 2
[2020-11-11 16:16:30,322] {taskinstance.py:882} INFO - 
--------------------------------------------------------------------------------
[2020-11-11 16:16:30,333] {taskinstance.py:901} INFO - Executing <Task(BashOperator): run_this_bash_first> on 2020-11-01T00:20:00+00:00
[2020-11-11 16:16:30,335] {standard_task_runner.py:54} INFO - Started process 18754 to run task
[2020-11-11 16:16:30,463] {standard_task_runner.py:77} INFO - Running: ['airflow', 'run', 'sleep_task', 'run_this_bash_first', '2020-11-01T00:20:00+00:00', '--job_id', '43', '--pool', 'default_pool', '--raw', '-sd', 'DAGS_FOLDER/sleep_task.py', '--cfg_path', '/tmp/tmp4dulaq3k']
[2020-11-11 16:16:30,464] {standard_task_runner.py:78} INFO - Job 43: Subtask run_this_bash_first
[2020-11-11 16:16:30,516] {logging_mixin.py:112} INFO - Running %s on host %s <TaskInstance: sleep_task.run_this_bash_first 2020-11-01T00:20:00+00:00 [running]> nvt-B365M-DS3H
[2020-11-11 16:16:30,542] {bash_operator.py:113} INFO - Tmp dir root location: 
 /tmp
[2020-11-11 16:16:30,542] {bash_operator.py:134} INFO - Temporary script location: /tmp/airflowtmpxzdrjeys/run_this_bash_firstvsfyd5il
[2020-11-11 16:16:30,542] {bash_operator.py:146} INFO - Running command: echo start
[2020-11-11 16:16:30,547] {bash_operator.py:153} INFO - Output:
[2020-11-11 16:16:30,548] {bash_operator.py:157} INFO - start
[2020-11-11 16:16:30,548] {bash_operator.py:159} INFO - Command exited with return code 0
[2020-11-11 16:16:30,554] {taskinstance.py:1057} INFO - Marking task as SUCCESS.dag_id=sleep_task, task_id=run_this_bash_first, execution_date=20201101T002000, start_date=20201111T091630, end_date=20201111T091630
[2020-11-11 16:16:35,304] {local_task_job.py:102} INFO - Task exited with return code 0
