[2020-11-11 16:19:44,931] {taskinstance.py:670} INFO - Dependencies all met for <TaskInstance: sleep_task.run_this_bash_last 2020-11-01T00:20:00+00:00 [queued]>
[2020-11-11 16:19:44,985] {taskinstance.py:670} INFO - Dependencies all met for <TaskInstance: sleep_task.run_this_bash_last 2020-11-01T00:20:00+00:00 [queued]>
[2020-11-11 16:19:44,985] {taskinstance.py:880} INFO - 
--------------------------------------------------------------------------------
[2020-11-11 16:19:44,985] {taskinstance.py:881} INFO - Starting attempt 1 of 2
[2020-11-11 16:19:44,985] {taskinstance.py:882} INFO - 
--------------------------------------------------------------------------------
[2020-11-11 16:19:45,001] {taskinstance.py:901} INFO - Executing <Task(BashOperator): run_this_bash_last> on 2020-11-01T00:20:00+00:00
[2020-11-11 16:19:45,003] {standard_task_runner.py:54} INFO - Started process 21845 to run task
[2020-11-11 16:19:45,023] {standard_task_runner.py:77} INFO - Running: ['airflow', 'run', 'sleep_task', 'run_this_bash_last', '2020-11-01T00:20:00+00:00', '--job_id', '188', '--pool', 'default_pool', '--raw', '-sd', 'DAGS_FOLDER/sleep_task.py', '--cfg_path', '/tmp/tmpsiw7xr4h']
[2020-11-11 16:19:45,024] {standard_task_runner.py:78} INFO - Job 188: Subtask run_this_bash_last
[2020-11-11 16:19:45,113] {logging_mixin.py:112} INFO - Running %s on host %s <TaskInstance: sleep_task.run_this_bash_last 2020-11-01T00:20:00+00:00 [running]> nvt-B365M-DS3H
[2020-11-11 16:19:45,149] {bash_operator.py:113} INFO - Tmp dir root location: 
 /tmp
[2020-11-11 16:19:45,150] {bash_operator.py:134} INFO - Temporary script location: /tmp/airflowtmpar41dfqv/run_this_bash_last93ac415g
[2020-11-11 16:19:45,150] {bash_operator.py:146} INFO - Running command: echo "run_id=scheduled__2020-11-01T00:20:00+00:00 | dag_run=<DagRun sleep_task @ 2020-11-01 00:20:00+00:00: scheduled__2020-11-01T00:20:00+00:00, externally triggered: False>"
[2020-11-11 16:19:45,162] {bash_operator.py:153} INFO - Output:
[2020-11-11 16:19:45,163] {bash_operator.py:157} INFO - run_id=scheduled__2020-11-01T00:20:00+00:00 | dag_run=<DagRun sleep_task @ 2020-11-01 00:20:00+00:00: scheduled__2020-11-01T00:20:00+00:00, externally triggered: False>
[2020-11-11 16:19:45,163] {bash_operator.py:159} INFO - Command exited with return code 0
[2020-11-11 16:19:45,177] {taskinstance.py:1057} INFO - Marking task as SUCCESS.dag_id=sleep_task, task_id=run_this_bash_last, execution_date=20201101T002000, start_date=20201111T091944, end_date=20201111T091945
[2020-11-11 16:19:49,879] {local_task_job.py:102} INFO - Task exited with return code 0
