[2020-11-11 16:23:13,290] {taskinstance.py:670} INFO - Dependencies all met for <TaskInstance: sleep_task.run_this_bash_first 2020-11-01T02:40:00+00:00 [queued]>
[2020-11-11 16:23:13,315] {taskinstance.py:670} INFO - Dependencies all met for <TaskInstance: sleep_task.run_this_bash_first 2020-11-01T02:40:00+00:00 [queued]>
[2020-11-11 16:23:13,315] {taskinstance.py:880} INFO - 
--------------------------------------------------------------------------------
[2020-11-11 16:23:13,315] {taskinstance.py:881} INFO - Starting attempt 1 of 2
[2020-11-11 16:23:13,315] {taskinstance.py:882} INFO - 
--------------------------------------------------------------------------------
[2020-11-11 16:23:13,329] {taskinstance.py:901} INFO - Executing <Task(BashOperator): run_this_bash_first> on 2020-11-01T02:40:00+00:00
[2020-11-11 16:23:13,331] {standard_task_runner.py:54} INFO - Started process 24891 to run task
[2020-11-11 16:23:13,374] {standard_task_runner.py:77} INFO - Running: ['airflow', 'run', 'sleep_task', 'run_this_bash_first', '2020-11-01T02:40:00+00:00', '--job_id', '342', '--pool', 'default_pool', '--raw', '-sd', 'DAGS_FOLDER/sleep_task.py', '--cfg_path', '/tmp/tmpo2y1noo8']
[2020-11-11 16:23:13,377] {standard_task_runner.py:78} INFO - Job 342: Subtask run_this_bash_first
[2020-11-11 16:23:13,429] {logging_mixin.py:112} INFO - Running %s on host %s <TaskInstance: sleep_task.run_this_bash_first 2020-11-01T02:40:00+00:00 [running]> nvt-B365M-DS3H
[2020-11-11 16:23:13,453] {bash_operator.py:113} INFO - Tmp dir root location: 
 /tmp
[2020-11-11 16:23:13,454] {bash_operator.py:134} INFO - Temporary script location: /tmp/airflowtmp5_nnsiki/run_this_bash_firsthrgwp1cy
[2020-11-11 16:23:13,454] {bash_operator.py:146} INFO - Running command: echo start
[2020-11-11 16:23:13,460] {bash_operator.py:153} INFO - Output:
[2020-11-11 16:23:13,461] {bash_operator.py:157} INFO - start
[2020-11-11 16:23:13,461] {bash_operator.py:159} INFO - Command exited with return code 0
[2020-11-11 16:23:13,471] {taskinstance.py:1057} INFO - Marking task as SUCCESS.dag_id=sleep_task, task_id=run_this_bash_first, execution_date=20201101T024000, start_date=20201111T092313, end_date=20201111T092313
[2020-11-11 16:23:18,280] {local_task_job.py:102} INFO - Task exited with return code 0
