[2020-11-11 16:28:53,368] {taskinstance.py:670} INFO - Dependencies all met for <TaskInstance: sleep_task.run_this_bash_last 2020-11-01T02:55:00+00:00 [queued]>
[2020-11-11 16:28:53,393] {taskinstance.py:670} INFO - Dependencies all met for <TaskInstance: sleep_task.run_this_bash_last 2020-11-01T02:55:00+00:00 [queued]>
[2020-11-11 16:28:53,394] {taskinstance.py:880} INFO - 
--------------------------------------------------------------------------------
[2020-11-11 16:28:53,394] {taskinstance.py:881} INFO - Starting attempt 1 of 2
[2020-11-11 16:28:53,394] {taskinstance.py:882} INFO - 
--------------------------------------------------------------------------------
[2020-11-11 16:28:53,408] {taskinstance.py:901} INFO - Executing <Task(BashOperator): run_this_bash_last> on 2020-11-01T02:55:00+00:00
[2020-11-11 16:28:53,410] {standard_task_runner.py:54} INFO - Started process 29891 to run task
[2020-11-11 16:28:53,455] {standard_task_runner.py:77} INFO - Running: ['airflow', 'run', 'sleep_task', 'run_this_bash_last', '2020-11-01T02:55:00+00:00', '--job_id', '593', '--pool', 'default_pool', '--raw', '-sd', 'DAGS_FOLDER/sleep_task.py', '--cfg_path', '/tmp/tmpe_0naeuf']
[2020-11-11 16:28:53,455] {standard_task_runner.py:78} INFO - Job 593: Subtask run_this_bash_last
[2020-11-11 16:28:53,493] {logging_mixin.py:112} INFO - Running %s on host %s <TaskInstance: sleep_task.run_this_bash_last 2020-11-01T02:55:00+00:00 [running]> nvt-B365M-DS3H
[2020-11-11 16:28:53,519] {bash_operator.py:113} INFO - Tmp dir root location: 
 /tmp
[2020-11-11 16:28:53,520] {bash_operator.py:134} INFO - Temporary script location: /tmp/airflowtmpmvgg3xo6/run_this_bash_lastipi27bup
[2020-11-11 16:28:53,520] {bash_operator.py:146} INFO - Running command: echo "run_id=scheduled__2020-11-01T02:55:00+00:00 | dag_run=<DagRun sleep_task @ 2020-11-01 02:55:00+00:00: scheduled__2020-11-01T02:55:00+00:00, externally triggered: False>"
[2020-11-11 16:28:53,530] {bash_operator.py:153} INFO - Output:
[2020-11-11 16:28:53,531] {bash_operator.py:157} INFO - run_id=scheduled__2020-11-01T02:55:00+00:00 | dag_run=<DagRun sleep_task @ 2020-11-01 02:55:00+00:00: scheduled__2020-11-01T02:55:00+00:00, externally triggered: False>
[2020-11-11 16:28:53,531] {bash_operator.py:159} INFO - Command exited with return code 0
[2020-11-11 16:28:53,536] {taskinstance.py:1057} INFO - Marking task as SUCCESS.dag_id=sleep_task, task_id=run_this_bash_last, execution_date=20201101T025500, start_date=20201111T092853, end_date=20201111T092853
[2020-11-11 16:28:58,354] {local_task_job.py:102} INFO - Task exited with return code 0
