[2020-11-11 16:17:05,527] {taskinstance.py:670} INFO - Dependencies all met for <TaskInstance: sleep_task.run_this_bash_first 2020-11-01T00:35:00+00:00 [queued]>
[2020-11-11 16:17:05,540] {taskinstance.py:670} INFO - Dependencies all met for <TaskInstance: sleep_task.run_this_bash_first 2020-11-01T00:35:00+00:00 [queued]>
[2020-11-11 16:17:05,540] {taskinstance.py:880} INFO - 
--------------------------------------------------------------------------------
[2020-11-11 16:17:05,540] {taskinstance.py:881} INFO - Starting attempt 1 of 2
[2020-11-11 16:17:05,540] {taskinstance.py:882} INFO - 
--------------------------------------------------------------------------------
[2020-11-11 16:17:05,551] {taskinstance.py:901} INFO - Executing <Task(BashOperator): run_this_bash_first> on 2020-11-01T00:35:00+00:00
[2020-11-11 16:17:05,554] {standard_task_runner.py:54} INFO - Started process 19390 to run task
[2020-11-11 16:17:05,571] {standard_task_runner.py:77} INFO - Running: ['airflow', 'run', 'sleep_task', 'run_this_bash_first', '2020-11-01T00:35:00+00:00', '--job_id', '75', '--pool', 'default_pool', '--raw', '-sd', 'DAGS_FOLDER/sleep_task.py', '--cfg_path', '/tmp/tmpvwcmz0y5']
[2020-11-11 16:17:05,571] {standard_task_runner.py:78} INFO - Job 75: Subtask run_this_bash_first
[2020-11-11 16:17:05,598] {logging_mixin.py:112} INFO - Running %s on host %s <TaskInstance: sleep_task.run_this_bash_first 2020-11-01T00:35:00+00:00 [running]> nvt-B365M-DS3H
[2020-11-11 16:17:05,617] {bash_operator.py:113} INFO - Tmp dir root location: 
 /tmp
[2020-11-11 16:17:05,617] {bash_operator.py:134} INFO - Temporary script location: /tmp/airflowtmp41kghuj3/run_this_bash_first8_uwu21a
[2020-11-11 16:17:05,617] {bash_operator.py:146} INFO - Running command: echo start
[2020-11-11 16:17:05,622] {bash_operator.py:153} INFO - Output:
[2020-11-11 16:17:05,623] {bash_operator.py:157} INFO - start
[2020-11-11 16:17:05,623] {bash_operator.py:159} INFO - Command exited with return code 0
[2020-11-11 16:17:05,628] {taskinstance.py:1057} INFO - Marking task as SUCCESS.dag_id=sleep_task, task_id=run_this_bash_first, execution_date=20201101T003500, start_date=20201111T091705, end_date=20201111T091705
[2020-11-11 16:17:10,514] {local_task_job.py:102} INFO - Task exited with return code 0
