[2020-11-11 16:18:43,236] {taskinstance.py:670} INFO - Dependencies all met for <TaskInstance: sleep_task.run_this_bash_first 2020-11-01T01:15:00+00:00 [queued]>
[2020-11-11 16:18:43,245] {taskinstance.py:670} INFO - Dependencies all met for <TaskInstance: sleep_task.run_this_bash_first 2020-11-01T01:15:00+00:00 [queued]>
[2020-11-11 16:18:43,245] {taskinstance.py:880} INFO - 
--------------------------------------------------------------------------------
[2020-11-11 16:18:43,245] {taskinstance.py:881} INFO - Starting attempt 1 of 2
[2020-11-11 16:18:43,245] {taskinstance.py:882} INFO - 
--------------------------------------------------------------------------------
[2020-11-11 16:18:43,254] {taskinstance.py:901} INFO - Executing <Task(BashOperator): run_this_bash_first> on 2020-11-01T01:15:00+00:00
[2020-11-11 16:18:43,256] {standard_task_runner.py:54} INFO - Started process 20898 to run task
[2020-11-11 16:18:43,271] {standard_task_runner.py:77} INFO - Running: ['airflow', 'run', 'sleep_task', 'run_this_bash_first', '2020-11-01T01:15:00+00:00', '--job_id', '148', '--pool', 'default_pool', '--raw', '-sd', 'DAGS_FOLDER/sleep_task.py', '--cfg_path', '/tmp/tmpopbw6jxz']
[2020-11-11 16:18:43,272] {standard_task_runner.py:78} INFO - Job 148: Subtask run_this_bash_first
[2020-11-11 16:18:43,294] {logging_mixin.py:112} INFO - Running %s on host %s <TaskInstance: sleep_task.run_this_bash_first 2020-11-01T01:15:00+00:00 [running]> nvt-B365M-DS3H
[2020-11-11 16:18:43,304] {bash_operator.py:113} INFO - Tmp dir root location: 
 /tmp
[2020-11-11 16:18:43,304] {bash_operator.py:134} INFO - Temporary script location: /tmp/airflowtmpvvcwacam/run_this_bash_firstzjzhrxfb
[2020-11-11 16:18:43,304] {bash_operator.py:146} INFO - Running command: echo start
[2020-11-11 16:18:43,308] {bash_operator.py:153} INFO - Output:
[2020-11-11 16:18:43,309] {bash_operator.py:157} INFO - start
[2020-11-11 16:18:43,309] {bash_operator.py:159} INFO - Command exited with return code 0
[2020-11-11 16:18:43,313] {taskinstance.py:1057} INFO - Marking task as SUCCESS.dag_id=sleep_task, task_id=run_this_bash_first, execution_date=20201101T011500, start_date=20201111T091843, end_date=20201111T091843
[2020-11-11 16:18:48,226] {local_task_job.py:102} INFO - Task exited with return code 0
