[2020-11-11 16:26:49,696] {taskinstance.py:670} INFO - Dependencies all met for <TaskInstance: sleep_task.run_this_bash_first 2020-11-01T03:40:00+00:00 [queued]>
[2020-11-11 16:26:49,705] {taskinstance.py:670} INFO - Dependencies all met for <TaskInstance: sleep_task.run_this_bash_first 2020-11-01T03:40:00+00:00 [queued]>
[2020-11-11 16:26:49,705] {taskinstance.py:880} INFO - 
--------------------------------------------------------------------------------
[2020-11-11 16:26:49,705] {taskinstance.py:881} INFO - Starting attempt 1 of 2
[2020-11-11 16:26:49,705] {taskinstance.py:882} INFO - 
--------------------------------------------------------------------------------
[2020-11-11 16:26:49,716] {taskinstance.py:901} INFO - Executing <Task(BashOperator): run_this_bash_first> on 2020-11-01T03:40:00+00:00
[2020-11-11 16:26:49,721] {standard_task_runner.py:54} INFO - Started process 28009 to run task
[2020-11-11 16:26:49,759] {standard_task_runner.py:77} INFO - Running: ['airflow', 'run', 'sleep_task', 'run_this_bash_first', '2020-11-01T03:40:00+00:00', '--job_id', '504', '--pool', 'default_pool', '--raw', '-sd', 'DAGS_FOLDER/sleep_task.py', '--cfg_path', '/tmp/tmpla1wq7l5']
[2020-11-11 16:26:49,760] {standard_task_runner.py:78} INFO - Job 504: Subtask run_this_bash_first
[2020-11-11 16:26:49,781] {logging_mixin.py:112} INFO - Running %s on host %s <TaskInstance: sleep_task.run_this_bash_first 2020-11-01T03:40:00+00:00 [running]> nvt-B365M-DS3H
[2020-11-11 16:26:49,792] {bash_operator.py:113} INFO - Tmp dir root location: 
 /tmp
[2020-11-11 16:26:49,792] {bash_operator.py:134} INFO - Temporary script location: /tmp/airflowtmp56dli116/run_this_bash_first2rs47k0d
[2020-11-11 16:26:49,792] {bash_operator.py:146} INFO - Running command: echo start
[2020-11-11 16:26:49,796] {bash_operator.py:153} INFO - Output:
[2020-11-11 16:26:49,797] {bash_operator.py:157} INFO - start
[2020-11-11 16:26:49,797] {bash_operator.py:159} INFO - Command exited with return code 0
[2020-11-11 16:26:49,801] {taskinstance.py:1057} INFO - Marking task as SUCCESS.dag_id=sleep_task, task_id=run_this_bash_first, execution_date=20201101T034000, start_date=20201111T092649, end_date=20201111T092649
[2020-11-11 16:26:54,694] {local_task_job.py:102} INFO - Task exited with return code 0
