[2020-11-11 16:30:51,937] {taskinstance.py:670} INFO - Dependencies all met for <TaskInstance: sleep_task.run_this_bash_first 2020-11-01T04:55:00+00:00 [queued]>
[2020-11-11 16:30:51,947] {taskinstance.py:670} INFO - Dependencies all met for <TaskInstance: sleep_task.run_this_bash_first 2020-11-01T04:55:00+00:00 [queued]>
[2020-11-11 16:30:51,947] {taskinstance.py:880} INFO - 
--------------------------------------------------------------------------------
[2020-11-11 16:30:51,947] {taskinstance.py:881} INFO - Starting attempt 1 of 2
[2020-11-11 16:30:51,947] {taskinstance.py:882} INFO - 
--------------------------------------------------------------------------------
[2020-11-11 16:30:51,955] {taskinstance.py:901} INFO - Executing <Task(BashOperator): run_this_bash_first> on 2020-11-01T04:55:00+00:00
[2020-11-11 16:30:51,957] {standard_task_runner.py:54} INFO - Started process 31620 to run task
[2020-11-11 16:30:51,972] {standard_task_runner.py:77} INFO - Running: ['airflow', 'run', 'sleep_task', 'run_this_bash_first', '2020-11-01T04:55:00+00:00', '--job_id', '691', '--pool', 'default_pool', '--raw', '-sd', 'DAGS_FOLDER/sleep_task.py', '--cfg_path', '/tmp/tmpra73p236']
[2020-11-11 16:30:51,972] {standard_task_runner.py:78} INFO - Job 691: Subtask run_this_bash_first
[2020-11-11 16:30:51,997] {logging_mixin.py:112} INFO - Running %s on host %s <TaskInstance: sleep_task.run_this_bash_first 2020-11-01T04:55:00+00:00 [running]> nvt-B365M-DS3H
[2020-11-11 16:30:52,007] {bash_operator.py:113} INFO - Tmp dir root location: 
 /tmp
[2020-11-11 16:30:52,008] {bash_operator.py:134} INFO - Temporary script location: /tmp/airflowtmpo9g24eq3/run_this_bash_firste04v7ltk
[2020-11-11 16:30:52,008] {bash_operator.py:146} INFO - Running command: echo start
[2020-11-11 16:30:52,012] {bash_operator.py:153} INFO - Output:
[2020-11-11 16:30:52,013] {bash_operator.py:157} INFO - start
[2020-11-11 16:30:52,013] {bash_operator.py:159} INFO - Command exited with return code 0
[2020-11-11 16:30:52,017] {taskinstance.py:1057} INFO - Marking task as SUCCESS.dag_id=sleep_task, task_id=run_this_bash_first, execution_date=20201101T045500, start_date=20201111T093051, end_date=20201111T093052
[2020-11-11 16:30:56,930] {local_task_job.py:102} INFO - Task exited with return code 0
