[2020-11-11 16:25:00,579] {taskinstance.py:670} INFO - Dependencies all met for <TaskInstance: sleep_task.run_this_bash_first 2020-11-01T02:55:00+00:00 [queued]>
[2020-11-11 16:25:00,597] {taskinstance.py:670} INFO - Dependencies all met for <TaskInstance: sleep_task.run_this_bash_first 2020-11-01T02:55:00+00:00 [queued]>
[2020-11-11 16:25:00,598] {taskinstance.py:880} INFO - 
--------------------------------------------------------------------------------
[2020-11-11 16:25:00,598] {taskinstance.py:881} INFO - Starting attempt 1 of 2
[2020-11-11 16:25:00,598] {taskinstance.py:882} INFO - 
--------------------------------------------------------------------------------
[2020-11-11 16:25:00,611] {taskinstance.py:901} INFO - Executing <Task(BashOperator): run_this_bash_first> on 2020-11-01T02:55:00+00:00
[2020-11-11 16:25:00,613] {standard_task_runner.py:54} INFO - Started process 26420 to run task
[2020-11-11 16:25:00,639] {standard_task_runner.py:77} INFO - Running: ['airflow', 'run', 'sleep_task', 'run_this_bash_first', '2020-11-01T02:55:00+00:00', '--job_id', '417', '--pool', 'default_pool', '--raw', '-sd', 'DAGS_FOLDER/sleep_task.py', '--cfg_path', '/tmp/tmpa5bw26um']
[2020-11-11 16:25:00,639] {standard_task_runner.py:78} INFO - Job 417: Subtask run_this_bash_first
[2020-11-11 16:25:00,697] {logging_mixin.py:112} INFO - Running %s on host %s <TaskInstance: sleep_task.run_this_bash_first 2020-11-01T02:55:00+00:00 [running]> nvt-B365M-DS3H
[2020-11-11 16:25:00,712] {bash_operator.py:113} INFO - Tmp dir root location: 
 /tmp
[2020-11-11 16:25:00,713] {bash_operator.py:134} INFO - Temporary script location: /tmp/airflowtmps_q3in_2/run_this_bash_first2_u_hcbz
[2020-11-11 16:25:00,713] {bash_operator.py:146} INFO - Running command: echo start
[2020-11-11 16:25:00,719] {bash_operator.py:153} INFO - Output:
[2020-11-11 16:25:00,719] {bash_operator.py:157} INFO - start
[2020-11-11 16:25:00,720] {bash_operator.py:159} INFO - Command exited with return code 0
[2020-11-11 16:25:00,739] {taskinstance.py:1057} INFO - Marking task as SUCCESS.dag_id=sleep_task, task_id=run_this_bash_first, execution_date=20201101T025500, start_date=20201111T092500, end_date=20201111T092500
[2020-11-11 16:25:05,558] {local_task_job.py:102} INFO - Task exited with return code 0
