[2020-11-11 16:22:09,412] {taskinstance.py:670} INFO - Dependencies all met for <TaskInstance: sleep_task.run_this_bash_first 2020-11-01T02:15:00+00:00 [queued]>
[2020-11-11 16:22:09,420] {taskinstance.py:670} INFO - Dependencies all met for <TaskInstance: sleep_task.run_this_bash_first 2020-11-01T02:15:00+00:00 [queued]>
[2020-11-11 16:22:09,420] {taskinstance.py:880} INFO - 
--------------------------------------------------------------------------------
[2020-11-11 16:22:09,420] {taskinstance.py:881} INFO - Starting attempt 1 of 2
[2020-11-11 16:22:09,420] {taskinstance.py:882} INFO - 
--------------------------------------------------------------------------------
[2020-11-11 16:22:09,428] {taskinstance.py:901} INFO - Executing <Task(BashOperator): run_this_bash_first> on 2020-11-01T02:15:00+00:00
[2020-11-11 16:22:09,430] {standard_task_runner.py:54} INFO - Started process 23979 to run task
[2020-11-11 16:22:09,445] {standard_task_runner.py:77} INFO - Running: ['airflow', 'run', 'sleep_task', 'run_this_bash_first', '2020-11-01T02:15:00+00:00', '--job_id', '302', '--pool', 'default_pool', '--raw', '-sd', 'DAGS_FOLDER/sleep_task.py', '--cfg_path', '/tmp/tmp545jkmik']
[2020-11-11 16:22:09,445] {standard_task_runner.py:78} INFO - Job 302: Subtask run_this_bash_first
[2020-11-11 16:22:09,467] {logging_mixin.py:112} INFO - Running %s on host %s <TaskInstance: sleep_task.run_this_bash_first 2020-11-01T02:15:00+00:00 [running]> nvt-B365M-DS3H
[2020-11-11 16:22:09,477] {bash_operator.py:113} INFO - Tmp dir root location: 
 /tmp
[2020-11-11 16:22:09,478] {bash_operator.py:134} INFO - Temporary script location: /tmp/airflowtmpu87plzsx/run_this_bash_firsth5kt8tdk
[2020-11-11 16:22:09,478] {bash_operator.py:146} INFO - Running command: echo start
[2020-11-11 16:22:09,482] {bash_operator.py:153} INFO - Output:
[2020-11-11 16:22:09,483] {bash_operator.py:157} INFO - start
[2020-11-11 16:22:09,483] {bash_operator.py:159} INFO - Command exited with return code 0
[2020-11-11 16:22:09,487] {taskinstance.py:1057} INFO - Marking task as SUCCESS.dag_id=sleep_task, task_id=run_this_bash_first, execution_date=20201101T021500, start_date=20201111T092209, end_date=20201111T092209
[2020-11-11 16:22:14,403] {local_task_job.py:102} INFO - Task exited with return code 0
