[2020-11-11 16:24:48,429] {taskinstance.py:670} INFO - Dependencies all met for <TaskInstance: sleep_task.run_this_bash_first 2020-11-01T02:50:00+00:00 [queued]>
[2020-11-11 16:24:48,438] {taskinstance.py:670} INFO - Dependencies all met for <TaskInstance: sleep_task.run_this_bash_first 2020-11-01T02:50:00+00:00 [queued]>
[2020-11-11 16:24:48,439] {taskinstance.py:880} INFO - 
--------------------------------------------------------------------------------
[2020-11-11 16:24:48,439] {taskinstance.py:881} INFO - Starting attempt 1 of 2
[2020-11-11 16:24:48,439] {taskinstance.py:882} INFO - 
--------------------------------------------------------------------------------
[2020-11-11 16:24:48,447] {taskinstance.py:901} INFO - Executing <Task(BashOperator): run_this_bash_first> on 2020-11-01T02:50:00+00:00
[2020-11-11 16:24:48,449] {standard_task_runner.py:54} INFO - Started process 26217 to run task
[2020-11-11 16:24:48,466] {standard_task_runner.py:77} INFO - Running: ['airflow', 'run', 'sleep_task', 'run_this_bash_first', '2020-11-01T02:50:00+00:00', '--job_id', '414', '--pool', 'default_pool', '--raw', '-sd', 'DAGS_FOLDER/sleep_task.py', '--cfg_path', '/tmp/tmpfuzdh6qn']
[2020-11-11 16:24:48,466] {standard_task_runner.py:78} INFO - Job 414: Subtask run_this_bash_first
[2020-11-11 16:24:48,489] {logging_mixin.py:112} INFO - Running %s on host %s <TaskInstance: sleep_task.run_this_bash_first 2020-11-01T02:50:00+00:00 [running]> nvt-B365M-DS3H
[2020-11-11 16:24:48,499] {bash_operator.py:113} INFO - Tmp dir root location: 
 /tmp
[2020-11-11 16:24:48,500] {bash_operator.py:134} INFO - Temporary script location: /tmp/airflowtmpao957le8/run_this_bash_first_tnmxzk5
[2020-11-11 16:24:48,500] {bash_operator.py:146} INFO - Running command: echo start
[2020-11-11 16:24:48,504] {bash_operator.py:153} INFO - Output:
[2020-11-11 16:24:48,505] {bash_operator.py:157} INFO - start
[2020-11-11 16:24:48,505] {bash_operator.py:159} INFO - Command exited with return code 0
[2020-11-11 16:24:48,509] {taskinstance.py:1057} INFO - Marking task as SUCCESS.dag_id=sleep_task, task_id=run_this_bash_first, execution_date=20201101T025000, start_date=20201111T092448, end_date=20201111T092448
[2020-11-11 16:24:53,414] {local_task_job.py:102} INFO - Task exited with return code 0
