[2020-11-11 16:31:41,936] {taskinstance.py:670} INFO - Dependencies all met for <TaskInstance: sleep_task.run_this_bash_first 2020-11-01T05:15:00+00:00 [queued]>
[2020-11-11 16:31:41,944] {taskinstance.py:670} INFO - Dependencies all met for <TaskInstance: sleep_task.run_this_bash_first 2020-11-01T05:15:00+00:00 [queued]>
[2020-11-11 16:31:41,944] {taskinstance.py:880} INFO - 
--------------------------------------------------------------------------------
[2020-11-11 16:31:41,944] {taskinstance.py:881} INFO - Starting attempt 1 of 2
[2020-11-11 16:31:41,944] {taskinstance.py:882} INFO - 
--------------------------------------------------------------------------------
[2020-11-11 16:31:41,953] {taskinstance.py:901} INFO - Executing <Task(BashOperator): run_this_bash_first> on 2020-11-01T05:15:00+00:00
[2020-11-11 16:31:41,955] {standard_task_runner.py:54} INFO - Started process 32356 to run task
[2020-11-11 16:31:41,970] {standard_task_runner.py:77} INFO - Running: ['airflow', 'run', 'sleep_task', 'run_this_bash_first', '2020-11-01T05:15:00+00:00', '--job_id', '725', '--pool', 'default_pool', '--raw', '-sd', 'DAGS_FOLDER/sleep_task.py', '--cfg_path', '/tmp/tmpchlphirk']
[2020-11-11 16:31:41,970] {standard_task_runner.py:78} INFO - Job 725: Subtask run_this_bash_first
[2020-11-11 16:31:41,990] {logging_mixin.py:112} INFO - Running %s on host %s <TaskInstance: sleep_task.run_this_bash_first 2020-11-01T05:15:00+00:00 [running]> nvt-B365M-DS3H
[2020-11-11 16:31:42,000] {bash_operator.py:113} INFO - Tmp dir root location: 
 /tmp
[2020-11-11 16:31:42,001] {bash_operator.py:134} INFO - Temporary script location: /tmp/airflowtmpfgs9vjr7/run_this_bash_first5mwe38oq
[2020-11-11 16:31:42,001] {bash_operator.py:146} INFO - Running command: echo start
[2020-11-11 16:31:42,004] {bash_operator.py:153} INFO - Output:
[2020-11-11 16:31:42,005] {bash_operator.py:157} INFO - start
[2020-11-11 16:31:42,005] {bash_operator.py:159} INFO - Command exited with return code 0
[2020-11-11 16:31:42,009] {taskinstance.py:1057} INFO - Marking task as SUCCESS.dag_id=sleep_task, task_id=run_this_bash_first, execution_date=20201101T051500, start_date=20201111T093141, end_date=20201111T093142
[2020-11-11 16:31:46,932] {local_task_job.py:102} INFO - Task exited with return code 0
